<?xml version="1.0" encoding="utf-8"?><testsuites name="pytest tests"><testsuite name="pytest" errors="0" failures="0" skipped="0" tests="5" time="2.303" timestamp="2026-03-17T10:16:14.180307-03:00" hostname="WNLEC-PE06WBV7"><testcase classname="tests.test_api" name="test_health_check" time="0.005" /><testcase classname="tests.test_api" name="test_login_success" time="0.268" /><testcase classname="tests.test_api" name="test_login_failure" time="0.247" /><testcase classname="tests.test_api" name="test_dashboard_unauthorized" time="0.002" /><testcase classname="tests.test_api" name="test_dashboard_authorized_fallback" time="0.218" /></testsuite></testsuites>